
## ---------------------- ##
## Running config.status. ##
## ---------------------- ##

This file was extended by dieharder config.status 3.31.0, which was
generated by GNU Autoconf 2.66.  Invocation command line was

  CONFIG_FILES    = 
  CONFIG_HEADERS  = 
  CONFIG_LINKS    = 
  CONFIG_COMMANDS = 
  $ ./config.status dieharder.spec

on csc235x25.ad.calpoly.edu

config.status:1087: creating dieharder.spec

## ---------------------- ##
## Running config.status. ##
## ---------------------- ##

This file was extended by dieharder config.status 3.31.0, which was
generated by GNU Autoconf 2.66.  Invocation command line was

  CONFIG_FILES    = 
  CONFIG_HEADERS  = 
  CONFIG_LINKS    = 
  CONFIG_COMMANDS = 
  $ ./config.status config.h

on pcp079593pcs.wireless.calpoly.edu

config.status:1087: creating config.h
config.status:1265: error: could not create config.h
